<?xml version="1.0" encoding="UTF-8"?>
<testng-results skipped="0" failed="0" total="1" passed="1">
  <reporter-output>
  </reporter-output>
  <suite name="ESPNGO" duration-ms="21176" started-at="2014-12-04T06:05:08Z" finished-at="2014-12-04T06:05:30Z">
    <groups>
    </groups>
    <test name="NFL Score" duration-ms="21176" started-at="2014-12-04T06:05:08Z" finished-at="2014-12-04T06:05:30Z">
      <class name="com.espngo.pages.EspnGo">
        <test-method status="PASS" signature="setup()[pri:0, instance:com.espngo.pages.EspnGo@dbe50f]" name="setup" is-config="true" duration-ms="3165" started-at="2014-12-04T01:05:08Z" finished-at="2014-12-04T01:05:12Z">
          <reporter-output>
          </reporter-output>
        </test-method> <!-- setup -->
        <test-method status="PASS" signature="checkScores()[pri:0, instance:com.espngo.pages.EspnGo@dbe50f]" name="checkScores" duration-ms="8469" started-at="2014-12-04T01:05:12Z" finished-at="2014-12-04T01:05:20Z">
          <reporter-output>
          </reporter-output>
        </test-method> <!-- checkScores -->
        <test-method status="PASS" signature="tearDown()[pri:0, instance:com.espngo.pages.EspnGo@dbe50f]" name="tearDown" is-config="true" duration-ms="9530" started-at="2014-12-04T01:05:20Z" finished-at="2014-12-04T01:05:30Z">
          <reporter-output>
          </reporter-output>
        </test-method> <!-- tearDown -->
      </class> <!-- com.espngo.pages.EspnGo -->
    </test> <!-- NFL Score -->
  </suite> <!-- ESPNGO -->
</testng-results>
