<?xml version="1.0" encoding="UTF-8"?>
<testng-results skipped="0" failed="0" total="1" passed="1">
  <reporter-output>
  </reporter-output>
  <suite name="Default suite" duration-ms="25705" started-at="2014-12-03T16:23:13Z" finished-at="2014-12-03T16:23:38Z">
    <groups>
    </groups>
    <test name="Default test" duration-ms="25705" started-at="2014-12-03T16:23:13Z" finished-at="2014-12-03T16:23:38Z">
      <class name="com.espngo.pages.EspnGo">
        <test-method status="PASS" signature="setup()[pri:0, instance:com.espngo.pages.EspnGo@38a30a0b]" name="setup" is-config="true" duration-ms="3024" started-at="2014-12-03T11:23:13Z" finished-at="2014-12-03T11:23:16Z">
          <reporter-output>
          </reporter-output>
        </test-method> <!-- setup -->
        <test-method status="PASS" signature="checkScores()[pri:0, instance:com.espngo.pages.EspnGo@38a30a0b]" name="checkScores" duration-ms="11141" started-at="2014-12-03T11:23:16Z" finished-at="2014-12-03T11:23:27Z">
          <reporter-output>
          </reporter-output>
        </test-method> <!-- checkScores -->
        <test-method status="PASS" signature="tearDown()[pri:0, instance:com.espngo.pages.EspnGo@38a30a0b]" name="tearDown" is-config="true" duration-ms="11524" started-at="2014-12-03T11:23:27Z" finished-at="2014-12-03T11:23:38Z">
          <reporter-output>
          </reporter-output>
        </test-method> <!-- tearDown -->
      </class> <!-- com.espngo.pages.EspnGo -->
    </test> <!-- Default test -->
  </suite> <!-- Default suite -->
</testng-results>
