<?xml version="1.0" encoding="UTF-8"?>
<!-- Generated by org.testng.reporters.JUnitXMLReporter -->
<testsuite hostname="IJET1048" name="NFL Score" tests="1" failures="1" timestamp="4 Dec 2014 23:32:48 GMT" time="13.726" errors="0">
  <testcase name="checkScores" time="7.192" classname="com.espngo.pages.EspnGo">
    <failure type="junit.framework.ComparisonFailure" message="expected:&amp;lt;[NFL Football Scores - NFL Scoreboard - ESPN] - ESPN&amp;gt; but was:&amp;lt;[Hero World Challenge Golf Leaderboard and Results] - ESPN&amp;gt;">
      <![CDATA[junit.framework.ComparisonFailure: expected:<[NFL Football Scores - NFL Scoreboard - ESPN] - ESPN> but was:<[Hero World Challenge Golf Leaderboard and Results] - ESPN>
	at junit.framework.Assert.assertEquals(Assert.java:85)
	at junit.framework.Assert.assertEquals(Assert.java:91)
	at com.espngo.pages.EspnGo.checkScores(EspnGo.java:48)
... Removed 24 stack frames]]>
    </failure>
  </testcase> <!-- checkScores -->
</testsuite> <!-- NFL Score -->
