<?xml version="1.0" encoding="UTF-8"?>
<testng-results skipped="0" failed="0" total="1" passed="1">
  <reporter-output>
  </reporter-output>
  <suite name="Test.NFLTest" duration-ms="19389" started-at="2014-12-04T03:42:52Z" finished-at="2014-12-04T03:43:12Z">
    <groups>
    </groups>
    <test name="Command line test" duration-ms="19389" started-at="2014-12-04T03:42:52Z" finished-at="2014-12-04T03:43:12Z">
      <class name="Test.NFLTest">
        <test-method status="PASS" signature="setup()" name="setup" is-config="true" duration-ms="3167" started-at="2014-12-04T03:42:52Z" finished-at="2014-12-04T03:42:55Z">
        </test-method>
        <test-method status="PASS" signature="checkScores()" name="checkScores" duration-ms="11194" started-at="2014-12-04T03:42:55Z" finished-at="2014-12-04T03:43:07Z">
        </test-method>
        <test-method status="PASS" signature="tearDown()" name="tearDown" is-config="true" duration-ms="5020" started-at="2014-12-04T03:43:07Z" finished-at="2014-12-04T03:43:12Z">
        </test-method>
      </class>
    </test>
  </suite>
</testng-results>
