<?xml version="1.0" encoding="UTF-8"?>
<testng-results skipped="0" failed="0" total="1" passed="1">
  <reporter-output>
  </reporter-output>
  <suite name="Default suite" duration-ms="69029" started-at="2014-08-15T04:06:15Z" finished-at="2014-08-15T04:07:24Z">
    <groups>
    </groups>
    <test name="Default test" duration-ms="69029" started-at="2014-08-15T04:06:15Z" finished-at="2014-08-15T04:07:24Z">
      <class name="espn_go.Espn_NFL">
        <test-method status="PASS" signature="setUp()[pri:0, instance:espn_go.Espn_NFL@a6d14e]" name="setUp" is-config="true" duration-ms="38093" started-at="2014-08-15T00:06:15Z" finished-at="2014-08-15T00:06:53Z">
          <reporter-output>
          </reporter-output>
        </test-method> <!-- setUp -->
        <test-method status="PASS" signature="TestCase1()[pri:0, instance:espn_go.Espn_NFL@a6d14e]" name="TestCase1" duration-ms="20405" started-at="2014-08-15T00:06:53Z" finished-at="2014-08-15T00:07:13Z">
          <reporter-output>
          </reporter-output>
        </test-method> <!-- TestCase1 -->
        <test-method status="PASS" signature="tearDown()[pri:0, instance:espn_go.Espn_NFL@a6d14e]" name="tearDown" is-config="true" duration-ms="10499" started-at="2014-08-15T00:07:13Z" finished-at="2014-08-15T00:07:24Z">
          <reporter-output>
          </reporter-output>
        </test-method> <!-- tearDown -->
      </class> <!-- espn_go.Espn_NFL -->
    </test> <!-- Default test -->
  </suite> <!-- Default suite -->
</testng-results>
